<?xml version="1.0" encoding="UTF-8"?>
<testng-results ignored="0" total="1" passed="1" failed="0" skipped="0">
  <reporter-output>
  </reporter-output>
  <suite started-at="2022-01-27T15:41:21 IST" name="Default suite" finished-at="2022-01-27T15:41:43 IST" duration-ms="22161">
    <groups>
    </groups>
    <test started-at="2022-01-27T15:41:21 IST" name="Default test" finished-at="2022-01-27T15:41:43 IST" duration-ms="22161">
      <class name="com.stylopay.script.DoDailyScriptExecution">
        <test-method is-config="true" signature="beforeSuite()[pri:0, instance:com.stylopay.script.DoDailyScriptExecution@29e495ff]" started-at="2022-01-27T15:41:20 IST" name="beforeSuite" finished-at="2022-01-27T15:41:21 IST" duration-ms="140" status="PASS">
          <reporter-output>
          </reporter-output>
        </test-method> <!-- beforeSuite -->
        <test-method signature="executeDailyScript()[pri:0, instance:com.stylopay.script.DoDailyScriptExecution@29e495ff]" started-at="2022-01-27T15:41:21 IST" name="executeDailyScript" finished-at="2022-01-27T15:41:43 IST" duration-ms="22130" status="PASS">
          <reporter-output>
          </reporter-output>
        </test-method> <!-- executeDailyScript -->
        <test-method is-config="true" signature="afterSuite()[pri:0, instance:com.stylopay.script.DoDailyScriptExecution@29e495ff]" started-at="2022-01-27T15:41:43 IST" name="afterSuite" finished-at="2022-01-27T15:41:43 IST" duration-ms="248" status="PASS">
          <reporter-output>
          </reporter-output>
        </test-method> <!-- afterSuite -->
      </class> <!-- com.stylopay.script.DoDailyScriptExecution -->
    </test> <!-- Default test -->
  </suite> <!-- Default suite -->
</testng-results>
